<?xml version="1.0" encoding="UTF-8"?>
<testsuite name="DefinitionTest" tests="1" skipped="0" failures="0" errors="0" timestamp="2016-04-29T23:08:56" hostname="users-MacBook-Pro.local" time="0.002">
  <properties/>
  <testcase name="DefinitionTest_instantiatesInObjectWord_True" classname="DefinitionTest" time="0.002"/>
  <system-out><![CDATA[]]></system-out>
  <system-err><![CDATA[]]></system-err>
</testsuite>
