<?xml version="1.0" encoding="UTF-8"?>
<testsuite name="DefinitionTest" tests="2" skipped="0" failures="0" errors="0" timestamp="2016-05-01T06:52:17" hostname="users-MacBook-Pro.local" time="0.005">
  <properties/>
  <testcase name="Definition_getListOfDefinitions_String" classname="DefinitionTest" time="0.004"/>
  <testcase name="definitionInstantiatesInsideWordObject_True" classname="DefinitionTest" time="0.0"/>
  <system-out><![CDATA[]]></system-out>
  <system-err><![CDATA[]]></system-err>
</testsuite>
