<?xml version="1.0" encoding="UTF-8"?>
<testsuite name="DictionaryTest" tests="3" skipped="0" failures="0" errors="0" timestamp="2016-04-29T17:33:30" hostname="users-MacBook-Pro.local" time="0.004">
  <properties/>
  <testcase name="Word_getListOfWords_String" classname="DictionaryTest" time="0.003"/>
  <testcase name="Word_instantiatesCorrectly_True" classname="DictionaryTest" time="0.0"/>
  <testcase name="Word_getUserWordReturnsUserWord_String" classname="DictionaryTest" time="0.0"/>
  <system-out><![CDATA[]]></system-out>
  <system-err><![CDATA[]]></system-err>
</testsuite>
