<?xml version="1.0" encoding="UTF-8"?>
<testsuite name="WordTest" tests="4" skipped="0" failures="0" errors="0" timestamp="2016-04-29T23:37:43" hostname="users-MacBook-Pro.local" time="0.009">
  <properties/>
  <testcase name="Word_getListOfWords_String" classname="WordTest" time="0.001"/>
  <testcase name="Word_instantiatesCorrectly_True" classname="WordTest" time="0.001"/>
  <testcase name="Word_getUserWordReturnsUserWord_String" classname="WordTest" time="0.001"/>
  <testcase name="Word_getID_1" classname="WordTest" time="0.001"/>
  <system-out><![CDATA[]]></system-out>
  <system-err><![CDATA[]]></system-err>
</testsuite>
