<?xml version="1.0" encoding="UTF-8"?>
<testsuite name="DefinitionTest" tests="3" skipped="0" failures="0" errors="0" timestamp="2016-04-29T23:37:43" hostname="users-MacBook-Pro.local" time="0.006">
  <properties/>
  <testcase name="Definition_instantiatesCorrectly_True" classname="DefinitionTest" time="0.004"/>
  <testcase name="Definition_getID_1" classname="DefinitionTest" time="0.0"/>
  <testcase name="Definition_getDefinitionReturnsDefinition_String" classname="DefinitionTest" time="0.001"/>
  <system-out><![CDATA[]]></system-out>
  <system-err><![CDATA[]]></system-err>
</testsuite>
